1                                                          The SAS System                          09:06 Thursday, November 23, 2023

NOTE: Copyright (c) 2023 by SAS Institute Inc., Cary, NC, USA. 
NOTE: SAS (r) Proprietary Software 9.4 (TS1M8) 
      Licensed to DemoCenter - VAVS7.5AnalyticsProd - 23W05 - 2Tier, Site 70068118.
NOTE: This session is executing on the Linux 3.10.0-1160.88.1.el7.x86_64 (LIN X64) platform.



NOTE: Analytical products:
      
      SAS/STAT 15.3
      SAS/ETS 15.3
      SAS/OR 15.3
      SAS/IML 15.3
      SAS/QC 15.3

NOTE: Additional host information:

 Linux LIN X64 3.10.0-1160.88.1.el7.x86_64 #1 SMP Tue Mar 7 15:41:52 UTC 2023 x86_64 CentOS Linux release 7.9.2009 (Core) 

You are running SAS 9. Some SAS 8 files will be automatically converted 
by the V9 engine; others are incompatible.  Please see 
http://support.sas.com/rnd/migration/planning/platform/64bit.html

PROC MIGRATE will preserve current SAS file attributes and is 
recommended for converting all your SAS libraries from any 
SAS 8 release to SAS 9.  For details and examples, please see
http://support.sas.com/rnd/migration/index.html


This message is contained in the SAS news file, and is presented upon
initialization.  Edit the file "news" in the "misc/base" directory to
display site-specific news and information in the program log.
The command line option "-nonews" will prevent this display.




NOTE: SAS initialization used:
      real time           0.01 seconds
      cpu time            0.02 seconds
      
1          options symbolgen mprint mlogic;
2          filename rwiOut ".";
3          ods html close;
4          ods html path=rwiOut file="Discovery.html" dom;
NOTE: Writing HTML Body file: Discovery.html
<!DOCTYPE html>
<html>
   <head>
      <title>ODS HTML4 DOM</title>
      <link rel="stylesheet" href="style.css">
   </head>
   <div dest="html4" class="table">
   </div>
   <div dest="html4" class="batch">
   </div>
   <div dest="html4" class="graph">
   </div>
2                                                          The SAS System                          09:06 Thursday, November 23, 2023

   <div dest="html4" class="byline">
   </div>
   <div dest="html4" class="systitleandfootercontainer">
   </div>
   <div dest="html4" class="note">
   </div>
   <div dest="html4" class="systitleandfootercontainer">
   </div>
   <div dest="html4" class="systitleandfootercontainer">
   </div>
   <body dest="html4" class="body">
      <div>
      </div>
      <body class="startupfunction">
      </body>
      <body class="shutdownfunction">
      </body>
      <div class="body">
5          data cabecalho;
6          input dt_report;
7          call symput(dt_atual, today());
8          dt_report = &dt_atual.;
                       _
                       386
                       200
WARNING: Apparent symbolic reference DT_ATUAL not resolved.
ERROR 386-185: Expecting an arithmetic expression.

ERROR 200-322: The symbol is not recognized and will be ignored.

9          run;

ERROR: No DATALINES or INFILE statement.
NOTE: Numeric values have been converted to character values at the places given by: (Line):(Column).
      7:13   7:23   
NOTE: The SAS System stopped processing this step because of errors.
NOTE: Due to ERROR(s) above, SAS set option OBS=0, enabling syntax check mode. 
      This prevents execution of subsequent data modification statements.
WARNING: The data set WORK.CABECALHO may be incomplete.  When this step was stopped there were 0 observations and 2 variables.
NOTE: DATA statement used (Total process time):
      real time           0.00 seconds
      cpu time            0.00 seconds
      

10         proc print data = cabecalho; run;

NOTE: PROCEDURE PRINT used (Total process time):
      real time           0.00 seconds
      cpu time            0.01 seconds
      

11         %include "/tmp/discovery_ms/ProgramaSAS/tab_infoServidor.sas";

NOTE: The data set WORK.INFOCPU has 0 observations and 2 variables.
NOTE: DATA statement used (Total process time):
      real time           0.00 seconds
      cpu time            0.00 seconds
      
3                                                          The SAS System                          09:06 Thursday, November 23, 2023



NOTE: PROCEDURE PRINT used (Total process time):
      real time           0.00 seconds
      cpu time            0.00 seconds
      

27         %include "/tmp/discovery_ms/ProgramaSAS/tab_infoCPU.sas";

NOTE: The data set WORK.INFOCPU has 0 observations and 2 variables.
WARNING: Data set WORK.INFOCPU was not replaced because this step was stopped.
NOTE: DATA statement used (Total process time):
      real time           0.00 seconds
      cpu time            0.00 seconds
      


NOTE: PROCEDURE PRINT used (Total process time):
      real time           0.00 seconds
      cpu time            0.00 seconds
      

42         %include "/tmp/discovery_ms/ProgramaSAS/tab_infoMEM.sas";

NOTE: The data set WORK.INFOMEMORIA has 0 observations and 2 variables.
NOTE: DATA statement used (Total process time):
      real time           0.00 seconds
      cpu time            0.00 seconds
      


NOTE: PROCEDURE PRINT used (Total process time):
      real time           0.00 seconds
      cpu time            0.00 seconds
      

55         %include "/tmp/discovery_ms/ProgramaSAS/tab_infoRede.sas";

NOTE: The data set WORK.INFOREDE has 0 observations and 2 variables.
NOTE: DATA statement used (Total process time):
      real time           0.00 seconds
      cpu time            0.00 seconds
      


NOTE: PROCEDURE PRINT used (Total process time):
      real time           0.00 seconds
      cpu time            0.01 seconds
      

77         %include "/tmp/discovery_ms/ProgramaSAS/tab_infoDisco.sas";

NOTE: The data set WORK.INFODISCO has 0 observations and 2 variables.
NOTE: DATA statement used (Total process time):
      real time           0.00 seconds
      cpu time            0.00 seconds
      

4                                                          The SAS System                          09:06 Thursday, November 23, 2023


NOTE: PROCEDURE PRINT used (Total process time):
      real time           0.00 seconds
      cpu time            0.00 seconds
      

96         %include "/tmp/discovery_ms/ProgramaSAS/sasinstallreport.sas";
MLOGIC(SASINSTALLREPORTER):  Beginning execution.
SYMBOLGEN:  Macro variable SYSSCP resolves to LIN X64
MLOGIC(SASINSTALLREPORTER):  %IF condition %index(CMOSVM,%substr(&SYSSCP,1,2)*) is FALSE
MLOGIC(SASINSTALLREPORTER):  %LET (variable name is SLSH)
MLOGIC(SASINSTALLREPORTER):  %LET (variable name is XCMD)
MPRINT(SASINSTALLREPORTER):   options formdlim='-' nosyntaxcheck nostimer;
SYMBOLGEN:  Macro variable SYSSCP resolves to LIN X64
MLOGIC(SASINSTALLREPORTER):  %IF condition &SYSSCP = WIN is FALSE
MPRINT(SASINSTALLREPORTER):   ** get location of SAS installation: **;
MLOGIC(SASINSTALLREPORTER):  %LET (variable name is SASROOT)
MPRINT(SASINSTALLREPORTER):   ** get SASHOME level for applications and such **;
MLOGIC(SASINSTALLREPORTER):  %LET (variable name is SASHOME)
SYMBOLGEN:  Macro variable SASROOT resolves to /opt/sasinside/SASHome/SASFoundation/9.4
MLOGIC(SASINSTALLREPORTER):  %DO %UNTIL(("&SYSVLONG" < "9.02") or (%sysfunc(fileexist(&sashome.&slsh.deploymntreg)))) loop 
      beginning.
MLOGIC(SASINSTALLREPORTER):  %LET (variable name is SASHOME)
SYMBOLGEN:  Macro variable SASHOME resolves to /opt/sasinside/SASHome/SASFoundation/9.4
MLOGIC(SASINSTALLREPORTER):  %LET (variable name is UPONE)
SYMBOLGEN:  Macro variable SASHOME resolves to 4.9/noitadnuoFSAS/emoHSAS/edisnisas/tpo/
SYMBOLGEN:  Macro variable SLSH resolves to /
SYMBOLGEN:  Some characters in the above value which were subject to macro quoting have been unquoted for printing.
MLOGIC(SASINSTALLREPORTER):  %LET (variable name is SASHOME)
SYMBOLGEN:  Macro variable SASHOME resolves to 4.9/noitadnuoFSAS/emoHSAS/edisnisas/tpo/
SYMBOLGEN:  Macro variable UPONE resolves to 4
MLOGIC(SASINSTALLREPORTER):  %LET (variable name is SASHOME)
SYMBOLGEN:  Macro variable SASHOME resolves to noitadnuoFSAS/emoHSAS/edisnisas/tpo/
SYMBOLGEN:  Macro variable SYSVLONG resolves to 9.04.01M8P011823
SYMBOLGEN:  Macro variable SASHOME resolves to /opt/sasinside/SASHome/SASFoundation
SYMBOLGEN:  Macro variable SLSH resolves to /
SYMBOLGEN:  Some characters in the above value which were subject to macro quoting have been unquoted for printing.
MLOGIC(SASINSTALLREPORTER):  %DO %UNTIL(("&SYSVLONG" < "9.02") or (%sysfunc(fileexist(&sashome.&slsh.deploymntreg)))) condition is 
      FALSE; loop will iterate again.
MLOGIC(SASINSTALLREPORTER):  %LET (variable name is SASHOME)
SYMBOLGEN:  Macro variable SASHOME resolves to /opt/sasinside/SASHome/SASFoundation
MLOGIC(SASINSTALLREPORTER):  %LET (variable name is UPONE)
SYMBOLGEN:  Macro variable SASHOME resolves to noitadnuoFSAS/emoHSAS/edisnisas/tpo/
SYMBOLGEN:  Macro variable SLSH resolves to /
SYMBOLGEN:  Some characters in the above value which were subject to macro quoting have been unquoted for printing.
MLOGIC(SASINSTALLREPORTER):  %LET (variable name is SASHOME)
SYMBOLGEN:  Macro variable SASHOME resolves to noitadnuoFSAS/emoHSAS/edisnisas/tpo/
SYMBOLGEN:  Macro variable UPONE resolves to 14
MLOGIC(SASINSTALLREPORTER):  %LET (variable name is SASHOME)
SYMBOLGEN:  Macro variable SASHOME resolves to emoHSAS/edisnisas/tpo/
SYMBOLGEN:  Macro variable SYSVLONG resolves to 9.04.01M8P011823
SYMBOLGEN:  Macro variable SASHOME resolves to /opt/sasinside/SASHome
SYMBOLGEN:  Macro variable SLSH resolves to /
SYMBOLGEN:  Some characters in the above value which were subject to macro quoting have been unquoted for printing.
MLOGIC(SASINSTALLREPORTER):  %DO %UNTIL() condition is TRUE; loop will not iterate again.
MPRINT(SASINSTALLREPORTER):   ** get machine name: **;
MLOGIC(SASINSTALLREPORTER):  %GLOBAL  SYSHOSTNAME
SYMBOLGEN:  Macro variable SYSHOSTNAME resolves to sasserver
5                                                          The SAS System                          09:06 Thursday, November 23, 2023

MLOGIC(SASINSTALLREPORTER):  %IF condition "&syshostname " ^= " " is TRUE
MLOGIC(SASINSTALLREPORTER):  %LET (variable name is MACHINE)
SYMBOLGEN:  Macro variable SYSHOSTNAME resolves to sasserver
SYMBOLGEN:  Macro variable SYSVER resolves to 9.4
SYMBOLGEN:  Macro variable SYSPROCESSNAME resolves to Program /tmp/discovery_ms/ProgramaSAS/Discovery.sas
MLOGIC(SASINSTALLREPORTER):  %IF condition &SYSVER >= 9.3 and %substr(&SYSPROCESSNAME,1,3) = DMS is FALSE
MLOGIC(SASINSTALLREPORTER):  %LET (variable name is METAPASS)
WARNING: The argument to macro function %SYSGET is not defined as a system variable.
SYMBOLGEN:  Macro variable METAPASS resolves to 
MLOGIC(SASINSTALLREPORTER):  %IF condition "&METAPASS. " ^= " " is FALSE
MPRINT(SASINSTALLREPORTER):   ***********************************************************************;
MPRINT(SASINSTALLREPORTER):   * This code determines what is licensed by parsing the output from *;
MPRINT(SASINSTALLREPORTER):   * PROC SETINIT. It then also creates a $license format that can be *;
MPRINT(SASINSTALLREPORTER):   * used in printing the custom product versions and other steps. *;
MPRINT(SASINSTALLREPORTER):   ***********************************************************************;
MPRINT(SASINSTALLREPORTER):   filename license temp;
MLOGIC(SASINSTALLREPORTER):  %LET (variable name is LICENSE)
SYMBOLGEN:  Macro variable LICENSE resolves to /tmp/SAS_work54CF00005DCE_sasserver.demo.sas.com/#LN00017
MPRINT(SASINSTALLREPORTER):   proc setinit outfile="/tmp/SAS_work54CF00005DCE_sasserver.demo.sas.com/#LN00017";
MPRINT(SASINSTALLREPORTER):   run;

Original site validation data
Current version: 9.04.01M8P011823
Site name:    'DemoCenter - VAVS7.5AnalyticsProd - 23W05 - 2Tier'.
Site number:  70068118.
CPU A: Model name='' model number='' serial=''.
Expiration:   06MAR2024.
Grace Period:  45 days (ending 20APR2024).
Warning Period: 45 days (ending 04JUN2024).
System birthday:   28FEB2023.
Operating System:   LIN X64 .
Product expiration dates:
---Base SAS Software                                                                                    06MAR2024 (CPU A) 
---SAS/STAT                                                                                             06MAR2024 (CPU A) 
---SAS/GRAPH                                                                                            06MAR2024 (CPU A) 
---SAS/ETS                                                                                              06MAR2024 (CPU A) 
---SAS/FSP                                                                                              06MAR2024 (CPU A) 
---SAS/OR                                                                                               06MAR2024 (CPU A) 
---SAS/AF                                                                                               06MAR2024 (CPU A) 
---SAS/IML                                                                                              06MAR2024 (CPU A) 
---SAS/QC                                                                                               06MAR2024 (CPU A) 
---SAS/ASSIST                                                                                           06MAR2024 (CPU A) 
---SAS/CONNECT                                                                                          06MAR2024 (CPU A) 
---SAS/EIS                                                                                              06MAR2024 (CPU A) 
---SAS/GIS                                                                                              06MAR2024 (CPU A) 
---SAS OLAP Server                                                                                      06MAR2024 (CPU A) 
---SAS Enterprise Miner                                                                                 06MAR2024 (CPU A) 
---MDDB Server common products                                                                          06MAR2024 (CPU A) 
---SAS Integration Technologies                                                                         06MAR2024 (CPU A) 
---SAS/Secure 168-bit                                                                                   06MAR2024 (CPU A) 
---SAS Enterprise Miner Server                                                                          06MAR2024 (CPU A) 
---SAS Enterprise Miner Client                                                                          06MAR2024 (CPU A) 
---SAS Text Miner                                                                                       06MAR2024 (CPU A) 
---Unused OLAP Slot                                                                                     06MAR2024 (CPU A) 
---Available for conditional setinit                                                                    06MAR2024 (CPU A) 
---SAS High-Performance Forecasting                                                                     06MAR2024 (CPU A) 
---SAS Enterprise Guide                                                                                 06MAR2024 (CPU A) 
---SAS Bridge for ESRI                                                                                  06MAR2024 (CPU A) 
6                                                          The SAS System                          09:06 Thursday, November 23, 2023

---Forecast Server Conditional Setinit                                                                  06MAR2024 (CPU A) 
---OR OPT                                                                                               06MAR2024 (CPU A) 
---OR PRS                                                                                               06MAR2024 (CPU A) 
---OR IVS                                                                                               06MAR2024 (CPU A) 
---OR LSO                                                                                               06MAR2024 (CPU A) 
---SAS/ACCESS Interface to DB2                                                                          06MAR2024 (CPU A) 
---SAS/ACCESS Interface to Oracle                                                                       06MAR2024 (CPU A) 
---SAS/ACCESS Interface to SAP ASE                                                                      06MAR2024 (CPU A) 
---SAS/ACCESS Interface to PC Files                                                                     06MAR2024 (CPU A) 
---SAS/ACCESS Interface to ODBC                                                                         06MAR2024 (CPU A) 
---SAS/ACCESS Interface to INFORMIX                                                                     06MAR2024 (CPU A) 
---SAS/ACCESS Interface to R/3                                                                          06MAR2024 (CPU A) 
---SAS/ACCESS Interface to Teradata                                                                     06MAR2024 (CPU A) 
---SAS/ACCESS Interface to Microsoft SQL Server                                                         06MAR2024 (CPU A) 
---SAS/ACCESS Interface to MySQL                                                                        06MAR2024 (CPU A) 
---Text Miner for Danish                                                                                06MAR2024 (CPU A) 
---Text Miner for Dutch                                                                                 06MAR2024 (CPU A) 
---Text Miner for Finnish                                                                               06MAR2024 (CPU A) 
---Text Miner for French                                                                                06MAR2024 (CPU A) 
---Text Miner for German                                                                                06MAR2024 (CPU A) 
---Text Miner for Italian                                                                               06MAR2024 (CPU A) 
---Text Miner for Portuguese                                                                            06MAR2024 (CPU A) 
---Text Miner for Spanish                                                                               06MAR2024 (CPU A) 
---Text Miner for Swedish                                                                               06MAR2024 (CPU A) 
---Text Miner for Polish                                                                                06MAR2024 (CPU A) 
---Text Miner for Japanese                                                                              06MAR2024 (CPU A) 
---Text Miner for Arabic                                                                                06MAR2024 (CPU A) 
---Text Miner for Russian                                                                               06MAR2024 (CPU A) 
---Text Miner for Korean                                                                                06MAR2024 (CPU A) 
---SAS Forecast Studio                                                                                  06MAR2024 (CPU A) 
---SAS Forecast Server Mid-Tier                                                                         06MAR2024 (CPU A) 
---Text Miner for Croatian                                                                              06MAR2024 (CPU A) 
---Text Miner for Norwegian                                                                             06MAR2024 (CPU A) 
---Text Miner for Slovak                                                                                06MAR2024 (CPU A) 
---Text Miner for Slovenian                                                                             06MAR2024 (CPU A) 
---Text Miner for Czech                                                                                 06MAR2024 (CPU A) 
---Text Miner for Greek                                                                                 06MAR2024 (CPU A) 
---Text Miner for Hebrew                                                                                06MAR2024 (CPU A) 
---Text Miner for Hungarian                                                                             06MAR2024 (CPU A) 
---Text Miner for Romanian                                                                              06MAR2024 (CPU A) 
---Text Miner for Thai                                                                                  06MAR2024 (CPU A) 
---Text Miner for Turkish                                                                               06MAR2024 (CPU A) 
---Text Miner for Chinese                                                                               06MAR2024 (CPU A) 
---Text Miner for Indonesian                                                                            06MAR2024 (CPU A) 
---Text Miner for Vietnamese                                                                            06MAR2024 (CPU A) 
---Text Analytics for Farsi                                                                             06MAR2024 (CPU A) 
---Text Analytics for Hindi                                                                             06MAR2024 (CPU A) 
---SAS Metadata Bridges for General Industry Standards                                                  06MAR2024 (CPU A) 
---SAS Model Manager                                                                                    06MAR2024 (CPU A) 
---SAS/IML Studio                                                                                       06MAR2024 (CPU A) 
---SAS Workspace Server for Local Access                                                                06MAR2024 (CPU A) 
---SAS Workspace Server for Enterprise Access                                                           06MAR2024 (CPU A) 
---SAS/ACCESS Interface to Netezza                                                                      06MAR2024 (CPU A) 
---SAS/ACCESS Interface to Greenplum                                                                    06MAR2024 (CPU A) 
---SAS/ACCESS Interface to SAP IQ                                                                       06MAR2024 (CPU A) 
---SAS/ACCESS to Hadoop                                                                                 06MAR2024 (CPU A) 
---SAS/ACCESS to Vertica                                                                                06MAR2024 (CPU A) 
---SAS/ACCESS to Postgres                                                                               06MAR2024 (CPU A) 
7                                                          The SAS System                          09:06 Thursday, November 23, 2023

---SAS/ACCESS to Impala                                                                                 06MAR2024 (CPU A) 
---SAS/ACCESS to Salesforce                                                                             06MAR2024 (CPU A) 
---SAS/ACCESS to Amazon Redshift                                                                        06MAR2024 (CPU A) 
---SAS/ACCESS to Mongo DB                                                                               06MAR2024 (CPU A) 
---High Performance Suite                                                                               06MAR2024 (CPU A) 
---SAS Add-in for Microsoft Excel                                                                       06MAR2024 (CPU A) 
---SAS Add-in for Microsoft Outlook                                                                     06MAR2024 (CPU A) 
---SAS Add-in for Microsoft PowerPoint                                                                  06MAR2024 (CPU A) 
---SAS Add-in for Microsoft Word                                                                        06MAR2024 (CPU A) 
---SAS Search and Indexing Server                                                                       06MAR2024 (CPU A) 
---SAS Web Crawler Server                                                                               06MAR2024 (CPU A) 
---Model Mgmt Shared Macros                                                                             06MAR2024 (CPU A) 
---SAS LASR Analytic Server                                                                             06MAR2024 (CPU A) 
---SAS Time Series Workspace Macros                                                                     06MAR2024 (CPU A) 
---SAS Visual Analytics Hub                                                                             06MAR2024 (CPU A) 
---SAS Visual Analytics Services                                                                        06MAR2024 (CPU A) 
---SAS/ACCESS to SAP HANA                                                                               06MAR2024 (CPU A) 
---IMSTAT                                                                                               06MAR2024 (CPU A) 
---SAS/ACCESS Interface to Yellowbrick                                                                  06MAR2024 (CPU A) 
---High Performance Data Mining MPP                                                                     06MAR2024 (CPU A) 
---High Performance ETS MPP                                                                             06MAR2024 (CPU A) 
---High Performance Forecasting MPP                                                                     06MAR2024 (CPU A) 
---High Performance OR MPP                                                                              06MAR2024 (CPU A) 
---High Performance STAT MPP                                                                            06MAR2024 (CPU A) 
---High Performance Text Mining MPP                                                                     06MAR2024 (CPU A) 
---Decision Manager Server                                                                              06MAR2024 (CPU A) 
---Advanced Programming for LASR Analytic Server                                                        06MAR2024 (CPU A) 
---High Performance Analytics Distributed Mode                                                          06MAR2024 (CPU A) 
---SAS Visual Analytics Server Components                                                               06MAR2024 (CPU A) 
---SAS Visual Statistics Mid-tier                                                                       06MAR2024 (CPU A) 
---SAS/ACCESS Interface to the PI System                                                                06MAR2024 (CPU A) 
---Factory Miner Services API                                                                           06MAR2024 (CPU A) 
---Visual Analytics Explorer                                                                            06MAR2024 (CPU A) 
---SAS/ACCESS to Spark                                                                                  06MAR2024 (CPU A) 
---SAS/ACCESS to JDBC                                                                                   06MAR2024 (CPU A) 
---SAS/ACCESS to Google BigQuery                                                                        06MAR2024 (CPU A) 
---SAS/ACCESS to Snowflake                                                                              06MAR2024 (CPU A) 
NOTE: The PROC SETINIT source file has been updated.

MPRINT(SASINSTALLREPORTER):   data license;
MPRINT(SASINSTALLREPORTER):   length prodnum $ 10 diedate $ 9 cmpont $ 64;
MPRINT(SASINSTALLREPORTER):   label prodnum = 'PRODNUM';
MPRINT(SASINSTALLREPORTER):   label diedate = 'DIE DATE';
MPRINT(SASINSTALLREPORTER):   label cmpont = 'COMPONENT ----------------------------------------';
MPRINT(SASINSTALLREPORTER):   retain expires dies grace warn 0;
MPRINT(SASINSTALLREPORTER):   keep prodnum diedate cmpont;
SYMBOLGEN:  Macro variable LICENSE resolves to /tmp/SAS_work54CF00005DCE_sasserver.demo.sas.com/#LN00017
MPRINT(SASINSTALLREPORTER):   infile "/tmp/SAS_work54CF00005DCE_sasserver.demo.sas.com/#LN00017" lrecl=100 pad;
MPRINT(SASINSTALLREPORTER):   input;
MPRINT(SASINSTALLREPORTER):   if length(_infile_) < 2 then delete;
MPRINT(SASINSTALLREPORTER):   if _infile_ =: "     EXPIRE" then expires = input(scan(_infile_,2," ='"),date9.);
MPRINT(SASINSTALLREPORTER):   if _infile_ =: "     BIRTHDAY" then do;
MPRINT(SASINSTALLREPORTER):   grace = input(scan(_infile_,4,' ='),2.);
MPRINT(SASINSTALLREPORTER):   call symput('GRACE',put(grace,2.));
MPRINT(SASINSTALLREPORTER):   warn = input(scan(_infile_,6,' ='),2.);
MPRINT(SASINSTALLREPORTER):   call symput('WARN',put(warn,2.));
MPRINT(SASINSTALLREPORTER):   dies = expires + grace + warn;
MPRINT(SASINSTALLREPORTER):   end;
8                                                          The SAS System                          09:06 Thursday, November 23, 2023

MPRINT(SASINSTALLREPORTER):   if _infile_ =: "   EXPIRE" then do;
MPRINT(SASINSTALLREPORTER):   prodnum=substr(_infile_,11,10);
MPRINT(SASINSTALLREPORTER):   len=index(_infile_,' */')-25;
MPRINT(SASINSTALLREPORTER):   cmpont=substr(_infile_,25,len);
MPRINT(SASINSTALLREPORTER):   diedate = scan(substr(_infile_,len+28),1," '");
MPRINT(SASINSTALLREPORTER):   if diedate = "*" then diedate = put(dies,date9.);
MPRINT(SASINSTALLREPORTER):   else diedate = put(input(diedate,date9.)+grace+warn,date9.);
MPRINT(SASINSTALLREPORTER):   output;
MPRINT(SASINSTALLREPORTER):   end;
MPRINT(SASINSTALLREPORTER):   run;

NOTE: The infile "/tmp/SAS_work54CF00005DCE_sasserver.demo.sas.com/#LN00017" is:
      Filename=/tmp/SAS_work54CF00005DCE_sasserver.demo.sas.com/#LN00017,
      Owner Name=sas,Group Name=sas,
      Access Permission=-rw-rw-r--,
      Last Modified=23Nov2023:09:06:03,
      File Size (bytes)=8547

NOTE: 0 records were read from the infile "/tmp/SAS_work54CF00005DCE_sasserver.demo.sas.com/#LN00017".
NOTE: The data set WORK.LICENSE has 0 observations and 3 variables.

MPRINT(SASINSTALLREPORTER):   filename license;
NOTE: Fileref LICENSE has been deassigned.
MPRINT(SASINSTALLREPORTER):   data licensed;
MPRINT(SASINSTALLREPORTER):   length label $ 64 begin $ 10;
MPRINT(SASINSTALLREPORTER):   retain fmtname "license" type "c";
MPRINT(SASINSTALLREPORTER):   set license(rename=(prodnum=start cmpont=label));
MPRINT(SASINSTALLREPORTER):   run;

NOTE: Variable begin is uninitialized.
NOTE: There were 0 observations read from the data set WORK.LICENSE.
NOTE: The data set WORK.LICENSED has 0 observations and 6 variables.

MPRINT(SASINSTALLREPORTER):   proc format cntlin=licensed;
MPRINT(SASINSTALLREPORTER):   run;

NOTE: There were 0 observations read from the data set WORK.LICENSED.

MPRINT(SASINSTALLREPORTER):   * Set SASVER macro variable now in case runstatus changes it: ;
MLOGIC(SASINSTALLREPORTER):  %LET (variable name is SASVER)
SYMBOLGEN:  Macro variable SYSVER resolves to 9.4
MPRINT(SASINSTALLREPORTER):   ************************************************************************;
MPRINT(SASINSTALLREPORTER):   * The following code runs if SAS is 9.1.3 and allows surfacing certain *;
MPRINT(SASINSTALLREPORTER):   * custom product versions and executable build versions. *;
MPRINT(SASINSTALLREPORTER):   ************************************************************************;
SYMBOLGEN:  Macro variable SYSVLONG resolves to 9.04.01M8P011823
MLOGIC(SASINSTALLREPORTER):  %IF condition "&SYSVLONG" > "9.01.01M3" is TRUE
MPRINT(SASINSTALLREPORTER):   filename statlog temp;
MPRINT(SASINSTALLREPORTER):   proc printto log=statlog new;
MPRINT(SASINSTALLREPORTER):   run;

11                                                         The SAS System                          09:06 Thursday, November 23, 2023


MPRINT(SASINSTALLREPORTER):   data prodstat;
MPRINT(SASINSTALLREPORTER):   infile statlog firstobs=1 length=len;
MPRINT(SASINSTALLREPORTER):   length component $64 custver $10 imgver $16;
MPRINT(SASINSTALLREPORTER):   retain component custver imgver ' ';
MPRINT(SASINSTALLREPORTER):   *format component $license.;
MPRINT(SASINSTALLREPORTER):   label component = 'COMPONENT ------------------------------------' custver = 'Custom version' imgver 
= 'Build version';
MPRINT(SASINSTALLREPORTER):   input;
MPRINT(SASINSTALLREPORTER):   if _infile_ =: 'NOTE: SAS' then do;
MPRINT(SASINSTALLREPORTER):   call symput('sasver',substr(_infile_,11));
MPRINT(SASINSTALLREPORTER):   end;
MPRINT(SASINSTALLREPORTER):   if _infile_ =: 'For ' then do;
MPRINT(SASINSTALLREPORTER):   if component ^= ' ' then output;
NOTE: Line generated by the invoked macro "SASINSTALLREPORTER".
1438       (_infile_,5,len-8);              component = put(component,$license.);              imgver = ' ';           end;
                                                                      _________
                                                                      48
1438     ! if _infile_ =: '   Custom' then           custver = substr(_infile_,32);        if _infile_ =: '   Image' then
1438     ! imgver =
MPRINT(SASINSTALLREPORTER):   component = substr(_infile_,5,len-8);
MPRINT(SASINSTALLREPORTER):   component = put(component,$license.);
MPRINT(SASINSTALLREPORTER):   imgver = ' ';
MPRINT(SASINSTALLREPORTER):   end;
MPRINT(SASINSTALLREPORTER):   if _infile_ =: '   Custom' then custver = substr(_infile_,32);
MPRINT(SASINSTALLREPORTER):   if _infile_ =: '   Image' then imgver = substr(_infile_,31);
MPRINT(SASINSTALLREPORTER):   run;

ERROR 48-59: The format $LICENSE was not found or could not be loaded.

NOTE: The SAS System stopped processing this step because of errors.
WARNING: The data set WORK.PRODSTAT may be incomplete.  When this step was stopped there were 0 observations and 3 variables.


MPRINT(SASINSTALLREPORTER):   filename statlog;
NOTE: Fileref STATLOG has been deassigned.
MLOGIC(SASINSTALLREPORTER):  %GLOBAL  _SASSPLEVEL
MLOGIC(SASINSTALLREPORTER):  %LET (variable name is _SASSPLEVEL)
SYMBOLGEN:  Macro variable SASVER resolves to 9.4
SYMBOLGEN:  Macro variable SYSVLONG4 resolves to 9.04.01M8P01182023
MPRINT(SASINSTALLREPORTER):   ************************************************************************;
MPRINT(SASINSTALLREPORTER):   * Define format to identify products associated with hot fixes. *;
MPRINT(SASINSTALLREPORTER):   ************************************************************************;
MPRINT(SASINSTALLREPORTER):   proc format;
MPRINT(SASINSTALLREPORTER):   value $hfprod 'BA','BB','BC','BD','BX' = 'Base SAS' 'AD' = 'SAS/Access Interface to ADABAS' 'DD' = 
'SAS/Access Interface to CA-Datacom/DB' 'D2' = 'SAS/Access Interface to DB2' 'SQ' = 'SAS/Access Interface to DB2 for VM' 'ID' = 
'SAS/Access Interface to CA-IDMS' 'MS' = 'SAS/Access Interface to IMS-DL/I' 'IF' = 'SAS/Access Interface to Informix' 'IG' = 
'SAS/Access Interface to CA-OpenIngres' 'OD' = 'SAS/Access Interface to ODBC Server' 'OL' = 'SAS/Access Interface to OLE DB' 'OC' = 
'SAS/Access Interface to Oracle' 'PF' = 'SAS/Access Interface to PC File Formats' 'PE' = 'SAS/Access Interface to PeopleSoft' 'R3' 
= 'SAS/Access Interface to R/3' 'BW' = 'SAS/Access Interface to SAP BW' 'SB' = 'SAS/Access Interface to Sybase' 'S2' = 'SAS/Access 
Interface to System 2000' 'TE' = 'SAS/Access Interface to Teradata' 'NW' = 'SAS/Access Interface to HP Neoview' 'NZ' = 'SAS/Access 
Interface to Netezza' 'YQ' = 'SAS/Access Interface to MySQL' 'AS' = 'SAS/ASSIST' 'CT' = 'SAS/CONNECT' 'ES' = 'SAS/EIS' 'DT' = 
'Enterprise Miner' 'ET' = 'SAS/ETS' 'FS' = 'SAS/FSP' 'GN' = 'SAS/Genetics' 'GR' = 'SAS/GRAPH' 'ML' = 'SAS/IML' 'IH' = 'Integration 
Technologies' 'WB' = 'SAS/IntrNet' 'IS' = 'IT Service Vision' 'MX' = 'SAS/MDDB Server' 'OR' = 'SAS/OR' 'QC' = 'SAS/QC' 'RI' = 'Risk 
Dimensions' 'SH' = 'SAS/SHARE' 'ST' = 'SAS/STAT' 'TM' = 'SAS Text Miner' 'WH' = 'SAS Warehouse Administrator' 'WD' = 'WebHound' 
'WW' = 'Jscore' 'HP' = 'SAS HPF' 'QL' = 'SAS Data Quality Server' 'SD' = 'SAS/SECURE' 'HO' = 'Service Pack' 'AM' = 'SAS Anti-Money 
Laundering' 'WN' = 'SAS Web Analytics' 'IN' = 'SAS Scoring Accelerator for Teradata' 'MM' = 'SAS Marketing Automation' 'CG' = 
'Campaign Management Component' 'SP' = 'Strategic Performance Management' 'FI' = 'Financial Managment Solution' 'APCORE' = 
12                                                         The SAS System                          09:06 Thursday, November 23, 2023

'Analytics Platform' 'DMINECLT' = 'Enterprise Miner client' 'CITATNWEB' = 'SAS Web Report Studio' 'DATABLDR' = 'DI Studio' 
'JPORTAL' = 'Information Delivery Portal' 'JPS' = 'Foundation Services' 'MAPCNTR' = 'Information Map Studio' 'QRSERVICES' = 'Query 
and Reporting Services' 'SMC' = 'SAS Management Console' 'WEBINFRAKIT' = 'SAS Web Infrastructure Kit' 'WEBOLAPVR' = 'SAS Web OLAP 
Viewer' 'WEBRPTVR' = 'SAS Web Report Viewer' 'MITIBRIDGE' = 'SAS Metadata Bridge' 
'EMAAUXDATAIO','EMACORE','EMALAUNCHER','EMASMC','EMAWEBNPORT' = 'SAS Digital Marketing' 'FORCASTSTDO' = 'Forecast Studio' 
'FORCASTSRVR' = 'Forecast Server' 'DA' = 'Enterprise Miner Server' 'MMAPI' = 'Model Manager Mid Tier' 'MMGUI' = 'Model Manager 
Client' 'TMCLIENT' = 'Text Miner Client' 'CR' = 'Credit Scoring' ;
NOTE: Format $HFPROD has been output.
MPRINT(SASINSTALLREPORTER):   run;


MLOGIC(SASINSTALLREPORTER):  %LET (variable name is LS)
MLOGIC(SASINSTALLREPORTER):  %LET (variable name is PS)
MPRINT(SASINSTALLREPORTER):   Title1 'SAS Install Reporter Version 4.0';
MLOGIC(SASINSTALLREPORTER):  %LET (variable name is FILLLEN)
SYMBOLGEN:  Macro variable LS resolves to 132
SYMBOLGEN:  Macro variable _SASSPLEVEL resolves to SAS 9.4 (9.04.01M8P01182023)
SYMBOLGEN:  Macro variable SYSSITE resolves to 70068118
SYMBOLGEN:  Macro variable _SASSPLEVEL resolves to SAS 9.4 (9.04.01M8P01182023)
MPRINT(SASINSTALLREPORTER):   Title3
MLOGIC(DASH):  Beginning execution.
SYMBOLGEN:  Macro variable FILLLEN resolves to 90
MLOGIC(DASH):  Parameter FILLLEN has value 90
SYMBOLGEN:  Macro variable FILLLEN resolves to 90
MLOGIC(DASH):  %DO loop beginning; index variable I; start value is 1; stop value is 90; by value is 1.  
MLOGIC(DASH):  %DO loop index variable I is now 2; loop will iterate again.
MLOGIC(DASH):  %DO loop index variable I is now 3; loop will iterate again.
MLOGIC(DASH):  %DO loop index variable I is now 4; loop will iterate again.
MLOGIC(DASH):  %DO loop index variable I is now 5; loop will iterate again.
MLOGIC(DASH):  %DO loop index variable I is now 6; loop will iterate again.
MLOGIC(DASH):  %DO loop index variable I is now 7; loop will iterate again.
MLOGIC(DASH):  %DO loop index variable I is now 8; loop will iterate again.
MLOGIC(DASH):  %DO loop index variable I is now 9; loop will iterate again.
MLOGIC(DASH):  %DO loop index variable I is now 10; loop will iterate again.
MLOGIC(DASH):  %DO loop index variable I is now 11; loop will iterate again.
MLOGIC(DASH):  %DO loop index variable I is now 12; loop will iterate again.
MLOGIC(DASH):  %DO loop index variable I is now 13; loop will iterate again.
MLOGIC(DASH):  %DO loop index variable I is now 14; loop will iterate again.
MLOGIC(DASH):  %DO loop index variable I is now 15; loop will iterate again.
MLOGIC(DASH):  %DO loop index variable I is now 16; loop will iterate again.
MLOGIC(DASH):  %DO loop index variable I is now 17; loop will iterate again.
MLOGIC(DASH):  %DO loop index variable I is now 18; loop will iterate again.
MLOGIC(DASH):  %DO loop index variable I is now 19; loop will iterate again.
MLOGIC(DASH):  %DO loop index variable I is now 20; loop will iterate again.
MLOGIC(DASH):  %DO loop index variable I is now 21; loop will iterate again.
MLOGIC(DASH):  %DO loop index variable I is now 22; loop will iterate again.
MLOGIC(DASH):  %DO loop index variable I is now 23; loop will iterate again.
MLOGIC(DASH):  %DO loop index variable I is now 24; loop will iterate again.
MLOGIC(DASH):  %DO loop index variable I is now 25; loop will iterate again.
MLOGIC(DASH):  %DO loop index variable I is now 26; loop will iterate again.
MLOGIC(DASH):  %DO loop index variable I is now 27; loop will iterate again.
MLOGIC(DASH):  %DO loop index variable I is now 28; loop will iterate again.
MLOGIC(DASH):  %DO loop index variable I is now 29; loop will iterate again.
MLOGIC(DASH):  %DO loop index variable I is now 30; loop will iterate again.
MLOGIC(DASH):  %DO loop index variable I is now 31; loop will iterate again.
MLOGIC(DASH):  %DO loop index variable I is now 32; loop will iterate again.
MLOGIC(DASH):  %DO loop index variable I is now 33; loop will iterate again.
MLOGIC(DASH):  %DO loop index variable I is now 34; loop will iterate again.
13                                                         The SAS System                          09:06 Thursday, November 23, 2023

MLOGIC(DASH):  %DO loop index variable I is now 35; loop will iterate again.
MLOGIC(DASH):  %DO loop index variable I is now 36; loop will iterate again.
MLOGIC(DASH):  %DO loop index variable I is now 37; loop will iterate again.
MLOGIC(DASH):  %DO loop index variable I is now 38; loop will iterate again.
MLOGIC(DASH):  %DO loop index variable I is now 39; loop will iterate again.
MLOGIC(DASH):  %DO loop index variable I is now 40; loop will iterate again.
MLOGIC(DASH):  %DO loop index variable I is now 41; loop will iterate again.
MLOGIC(DASH):  %DO loop index variable I is now 42; loop will iterate again.
MLOGIC(DASH):  %DO loop index variable I is now 43; loop will iterate again.
MLOGIC(DASH):  %DO loop index variable I is now 44; loop will iterate again.
MLOGIC(DASH):  %DO loop index variable I is now 45; loop will iterate again.
MLOGIC(DASH):  %DO loop index variable I is now 46; loop will iterate again.
MLOGIC(DASH):  %DO loop index variable I is now 47; loop will iterate again.
MLOGIC(DASH):  %DO loop index variable I is now 48; loop will iterate again.
MLOGIC(DASH):  %DO loop index variable I is now 49; loop will iterate again.
MLOGIC(DASH):  %DO loop index variable I is now 50; loop will iterate again.
MLOGIC(DASH):  %DO loop index variable I is now 51; loop will iterate again.
MLOGIC(DASH):  %DO loop index variable I is now 52; loop will iterate again.
MLOGIC(DASH):  %DO loop index variable I is now 53; loop will iterate again.
MLOGIC(DASH):  %DO loop index variable I is now 54; loop will iterate again.
MLOGIC(DASH):  %DO loop index variable I is now 55; loop will iterate again.
MLOGIC(DASH):  %DO loop index variable I is now 56; loop will iterate again.
MLOGIC(DASH):  %DO loop index variable I is now 57; loop will iterate again.
MLOGIC(DASH):  %DO loop index variable I is now 58; loop will iterate again.
MLOGIC(DASH):  %DO loop index variable I is now 59; loop will iterate again.
MLOGIC(DASH):  %DO loop index variable I is now 60; loop will iterate again.
MLOGIC(DASH):  %DO loop index variable I is now 61; loop will iterate again.
MLOGIC(DASH):  %DO loop index variable I is now 62; loop will iterate again.
MLOGIC(DASH):  %DO loop index variable I is now 63; loop will iterate again.
MLOGIC(DASH):  %DO loop index variable I is now 64; loop will iterate again.
MLOGIC(DASH):  %DO loop index variable I is now 65; loop will iterate again.
MLOGIC(DASH):  %DO loop index variable I is now 66; loop will iterate again.
MLOGIC(DASH):  %DO loop index variable I is now 67; loop will iterate again.
MLOGIC(DASH):  %DO loop index variable I is now 68; loop will iterate again.
MLOGIC(DASH):  %DO loop index variable I is now 69; loop will iterate again.
MLOGIC(DASH):  %DO loop index variable I is now 70; loop will iterate again.
MLOGIC(DASH):  %DO loop index variable I is now 71; loop will iterate again.
MLOGIC(DASH):  %DO loop index variable I is now 72; loop will iterate again.
MLOGIC(DASH):  %DO loop index variable I is now 73; loop will iterate again.
MLOGIC(DASH):  %DO loop index variable I is now 74; loop will iterate again.
MLOGIC(DASH):  %DO loop index variable I is now 75; loop will iterate again.
MLOGIC(DASH):  %DO loop index variable I is now 76; loop will iterate again.
MLOGIC(DASH):  %DO loop index variable I is now 77; loop will iterate again.
MLOGIC(DASH):  %DO loop index variable I is now 78; loop will iterate again.
NOTE: The quoted string currently being processed has become more than 262 characters long.  You might have unbalanced quotation 
      marks.
MLOGIC(DASH):  %DO loop index variable I is now 79; loop will iterate again.
MLOGIC(DASH):  %DO loop index variable I is now 80; loop will iterate again.
MLOGIC(DASH):  %DO loop index variable I is now 81; loop will iterate again.
MLOGIC(DASH):  %DO loop index variable I is now 82; loop will iterate again.
MLOGIC(DASH):  %DO loop index variable I is now 83; loop will iterate again.
MLOGIC(DASH):  %DO loop index variable I is now 84; loop will iterate again.
MLOGIC(DASH):  %DO loop index variable I is now 85; loop will iterate again.
MLOGIC(DASH):  %DO loop index variable I is now 86; loop will iterate again.
MLOGIC(DASH):  %DO loop index variable I is now 87; loop will iterate again.
MLOGIC(DASH):  %DO loop index variable I is now 88; loop will iterate again.
MLOGIC(DASH):  %DO loop index variable I is now 89; loop will iterate again.
MLOGIC(DASH):  %DO loop index variable I is now 90; loop will iterate again.
14                                                         The SAS System                          09:06 Thursday, November 23, 2023

MLOGIC(DASH):  %DO loop index variable I is now 91; loop will not iterate again.
MLOGIC(DASH):  Ending execution.
SYMBOLGEN:  Macro variable SYSSITE resolves to 70068118
MPRINT(SASINSTALLREPORTER):   "SAS 9.4 (9.04.01M8P01182023)                                                                         
                 SITE: 70068118";
MLOGIC(SASINSTALLREPORTER):  %LET (variable name is FILLLEN)
SYMBOLGEN:  Macro variable LS resolves to 132
SYMBOLGEN:  Macro variable MACHINE resolves to sasserver
SYMBOLGEN:  Macro variable SYSSCP resolves to LIN X64
SYMBOLGEN:  Macro variable SYSSCPL resolves to Linux
SYMBOLGEN:  Macro variable MACHINE resolves to sasserver
MPRINT(SASINSTALLREPORTER):   Title4
MLOGIC(DASH):  Beginning execution.
SYMBOLGEN:  Macro variable FILLLEN resolves to 98
MLOGIC(DASH):  Parameter FILLLEN has value 98
SYMBOLGEN:  Macro variable FILLLEN resolves to 98
MLOGIC(DASH):  %DO loop beginning; index variable I; start value is 1; stop value is 98; by value is 1.  
MLOGIC(DASH):  %DO loop index variable I is now 2; loop will iterate again.
MLOGIC(DASH):  %DO loop index variable I is now 3; loop will iterate again.
MLOGIC(DASH):  %DO loop index variable I is now 4; loop will iterate again.
MLOGIC(DASH):  %DO loop index variable I is now 5; loop will iterate again.
MLOGIC(DASH):  %DO loop index variable I is now 6; loop will iterate again.
MLOGIC(DASH):  %DO loop index variable I is now 7; loop will iterate again.
MLOGIC(DASH):  %DO loop index variable I is now 8; loop will iterate again.
MLOGIC(DASH):  %DO loop index variable I is now 9; loop will iterate again.
MLOGIC(DASH):  %DO loop index variable I is now 10; loop will iterate again.
MLOGIC(DASH):  %DO loop index variable I is now 11; loop will iterate again.
MLOGIC(DASH):  %DO loop index variable I is now 12; loop will iterate again.
MLOGIC(DASH):  %DO loop index variable I is now 13; loop will iterate again.
MLOGIC(DASH):  %DO loop index variable I is now 14; loop will iterate again.
MLOGIC(DASH):  %DO loop index variable I is now 15; loop will iterate again.
MLOGIC(DASH):  %DO loop index variable I is now 16; loop will iterate again.
MLOGIC(DASH):  %DO loop index variable I is now 17; loop will iterate again.
MLOGIC(DASH):  %DO loop index variable I is now 18; loop will iterate again.
MLOGIC(DASH):  %DO loop index variable I is now 19; loop will iterate again.
MLOGIC(DASH):  %DO loop index variable I is now 20; loop will iterate again.
MLOGIC(DASH):  %DO loop index variable I is now 21; loop will iterate again.
MLOGIC(DASH):  %DO loop index variable I is now 22; loop will iterate again.
MLOGIC(DASH):  %DO loop index variable I is now 23; loop will iterate again.
MLOGIC(DASH):  %DO loop index variable I is now 24; loop will iterate again.
MLOGIC(DASH):  %DO loop index variable I is now 25; loop will iterate again.
MLOGIC(DASH):  %DO loop index variable I is now 26; loop will iterate again.
MLOGIC(DASH):  %DO loop index variable I is now 27; loop will iterate again.
MLOGIC(DASH):  %DO loop index variable I is now 28; loop will iterate again.
MLOGIC(DASH):  %DO loop index variable I is now 29; loop will iterate again.
MLOGIC(DASH):  %DO loop index variable I is now 30; loop will iterate again.
MLOGIC(DASH):  %DO loop index variable I is now 31; loop will iterate again.
MLOGIC(DASH):  %DO loop index variable I is now 32; loop will iterate again.
MLOGIC(DASH):  %DO loop index variable I is now 33; loop will iterate again.
MLOGIC(DASH):  %DO loop index variable I is now 34; loop will iterate again.
MLOGIC(DASH):  %DO loop index variable I is now 35; loop will iterate again.
MLOGIC(DASH):  %DO loop index variable I is now 36; loop will iterate again.
MLOGIC(DASH):  %DO loop index variable I is now 37; loop will iterate again.
MLOGIC(DASH):  %DO loop index variable I is now 38; loop will iterate again.
MLOGIC(DASH):  %DO loop index variable I is now 39; loop will iterate again.
MLOGIC(DASH):  %DO loop index variable I is now 40; loop will iterate again.
MLOGIC(DASH):  %DO loop index variable I is now 41; loop will iterate again.
MLOGIC(DASH):  %DO loop index variable I is now 42; loop will iterate again.
15                                                         The SAS System                          09:06 Thursday, November 23, 2023

MLOGIC(DASH):  %DO loop index variable I is now 43; loop will iterate again.
MLOGIC(DASH):  %DO loop index variable I is now 44; loop will iterate again.
MLOGIC(DASH):  %DO loop index variable I is now 45; loop will iterate again.
MLOGIC(DASH):  %DO loop index variable I is now 46; loop will iterate again.
MLOGIC(DASH):  %DO loop index variable I is now 47; loop will iterate again.
MLOGIC(DASH):  %DO loop index variable I is now 48; loop will iterate again.
MLOGIC(DASH):  %DO loop index variable I is now 49; loop will iterate again.
MLOGIC(DASH):  %DO loop index variable I is now 50; loop will iterate again.
MLOGIC(DASH):  %DO loop index variable I is now 51; loop will iterate again.
MLOGIC(DASH):  %DO loop index variable I is now 52; loop will iterate again.
MLOGIC(DASH):  %DO loop index variable I is now 53; loop will iterate again.
MLOGIC(DASH):  %DO loop index variable I is now 54; loop will iterate again.
MLOGIC(DASH):  %DO loop index variable I is now 55; loop will iterate again.
MLOGIC(DASH):  %DO loop index variable I is now 56; loop will iterate again.
MLOGIC(DASH):  %DO loop index variable I is now 57; loop will iterate again.
MLOGIC(DASH):  %DO loop index variable I is now 58; loop will iterate again.
MLOGIC(DASH):  %DO loop index variable I is now 59; loop will iterate again.
MLOGIC(DASH):  %DO loop index variable I is now 60; loop will iterate again.
MLOGIC(DASH):  %DO loop index variable I is now 61; loop will iterate again.
MLOGIC(DASH):  %DO loop index variable I is now 62; loop will iterate again.
MLOGIC(DASH):  %DO loop index variable I is now 63; loop will iterate again.
MLOGIC(DASH):  %DO loop index variable I is now 64; loop will iterate again.
MLOGIC(DASH):  %DO loop index variable I is now 65; loop will iterate again.
MLOGIC(DASH):  %DO loop index variable I is now 66; loop will iterate again.
MLOGIC(DASH):  %DO loop index variable I is now 67; loop will iterate again.
MLOGIC(DASH):  %DO loop index variable I is now 68; loop will iterate again.
MLOGIC(DASH):  %DO loop index variable I is now 69; loop will iterate again.
MLOGIC(DASH):  %DO loop index variable I is now 70; loop will iterate again.
MLOGIC(DASH):  %DO loop index variable I is now 71; loop will iterate again.
MLOGIC(DASH):  %DO loop index variable I is now 72; loop will iterate again.
MLOGIC(DASH):  %DO loop index variable I is now 73; loop will iterate again.
MLOGIC(DASH):  %DO loop index variable I is now 74; loop will iterate again.
MLOGIC(DASH):  %DO loop index variable I is now 75; loop will iterate again.
MLOGIC(DASH):  %DO loop index variable I is now 76; loop will iterate again.
MLOGIC(DASH):  %DO loop index variable I is now 77; loop will iterate again.
MLOGIC(DASH):  %DO loop index variable I is now 78; loop will iterate again.
MLOGIC(DASH):  %DO loop index variable I is now 79; loop will iterate again.
MLOGIC(DASH):  %DO loop index variable I is now 80; loop will iterate again.
MLOGIC(DASH):  %DO loop index variable I is now 81; loop will iterate again.
MLOGIC(DASH):  %DO loop index variable I is now 82; loop will iterate again.
MLOGIC(DASH):  %DO loop index variable I is now 83; loop will iterate again.
NOTE: The quoted string currently being processed has become more than 262 characters long.  You might have unbalanced quotation 
      marks.
MLOGIC(DASH):  %DO loop index variable I is now 84; loop will iterate again.
MLOGIC(DASH):  %DO loop index variable I is now 85; loop will iterate again.
MLOGIC(DASH):  %DO loop index variable I is now 86; loop will iterate again.
MLOGIC(DASH):  %DO loop index variable I is now 87; loop will iterate again.
MLOGIC(DASH):  %DO loop index variable I is now 88; loop will iterate again.
MLOGIC(DASH):  %DO loop index variable I is now 89; loop will iterate again.
MLOGIC(DASH):  %DO loop index variable I is now 90; loop will iterate again.
MLOGIC(DASH):  %DO loop index variable I is now 91; loop will iterate again.
MLOGIC(DASH):  %DO loop index variable I is now 92; loop will iterate again.
MLOGIC(DASH):  %DO loop index variable I is now 93; loop will iterate again.
MLOGIC(DASH):  %DO loop index variable I is now 94; loop will iterate again.
MLOGIC(DASH):  %DO loop index variable I is now 95; loop will iterate again.
MLOGIC(DASH):  %DO loop index variable I is now 96; loop will iterate again.
MLOGIC(DASH):  %DO loop index variable I is now 97; loop will iterate again.
MLOGIC(DASH):  %DO loop index variable I is now 98; loop will iterate again.
16                                                         The SAS System                          09:06 Thursday, November 23, 2023

MLOGIC(DASH):  %DO loop index variable I is now 99; loop will not iterate again.
MLOGIC(DASH):  Ending execution.
SYMBOLGEN:  Macro variable SYSSCP resolves to LIN X64
SYMBOLGEN:  Macro variable SYSSCPL resolves to Linux
MPRINT(SASINSTALLREPORTER):   "HOST: sasserver                                                                                      
            OS: LIN X64 (Linux)";
MPRINT(SASINSTALLREPORTER):   Proc print data=license noobs uniform label;
MPRINT(SASINSTALLREPORTER):   title6 "1: Products, components, or solutions that are licensed";
WARNING: Apparent symbolic reference GRACE not resolved.
WARNING: Apparent symbolic reference WARN not resolved.
MPRINT(SASINSTALLREPORTER):   title8 "Note: 'DIE DATE' is product expiration date plus &grace GRACE days and &warn WARN days";
MPRINT(SASINSTALLREPORTER):   run;

NOTE: No observations in data set WORK.LICENSE.

MLOGIC(SASINSTALLREPORTER):  %LET (variable name is INSTALLER)
MLOGIC(SASINSTALLREPORTER):  %LET (variable name is CONFIGLOC)
MPRINT(SASINSTALLREPORTER):   data orders;
MPRINT(SASINSTALLREPORTER):   length order $ 32;
MPRINT(SASINSTALLREPORTER):   stop;
MPRINT(SASINSTALLREPORTER):   run;

NOTE: Variable order is uninitialized.
NOTE: The data set WORK.ORDERS has 0 observations and 1 variables.

SYMBOLGEN:  Macro variable SYSVLONG resolves to 9.04.01M8P011823
MLOGIC(SASINSTALLREPORTER):  %IF condition "&SYSVLONG" > "9.02.01" is TRUE
MPRINT(SASINSTALLREPORTER):   ***********************************************************************;
MPRINT(SASINSTALLREPORTER):   * This code determines what is installed by reading the Registry.xml *;
MPRINT(SASINSTALLREPORTER):   * file in a SAS 9.2+ environment. This covers products, most clients, *;
MPRINT(SASINSTALLREPORTER):   * solutions, and hot fixes for all. *;
MPRINT(SASINSTALLREPORTER):   ***********************************************************************;
MPRINT(SASINSTALLREPORTER):   data components(drop=hotfix order applied) hotfixes(drop=custver component order) orders(keep=order);
MPRINT(SASINSTALLREPORTER):   length component $ 64 custver $ 16 compid $ 16 hotfix $ 8 applied $ 20;
MPRINT(SASINSTALLREPORTER):   retain component custver compid;
MPRINT(SASINSTALLREPORTER):   length section $ 8;
MPRINT(SASINSTALLREPORTER):   retain section;
MPRINT(SASINSTALLREPORTER):   drop section;
MPRINT(SASINSTALLREPORTER):   length keyname $ 16;
MPRINT(SASINSTALLREPORTER):   retain keyname;
MPRINT(SASINSTALLREPORTER):   drop keyname;
MPRINT(SASINSTALLREPORTER):   length key 8;
MPRINT(SASINSTALLREPORTER):   retain key 0;
MPRINT(SASINSTALLREPORTER):   drop key;
MPRINT(SASINSTALLREPORTER):   label component = 'COMPONENT ----------------------------------------';
MPRINT(SASINSTALLREPORTER):   label hotfix = 'HOT FIX -------';
MPRINT(SASINSTALLREPORTER):   label applied = "APPLIED -------------------";
MPRINT(SASINSTALLREPORTER):   length order $ 32;
SYMBOLGEN:  Macro variable SASHOME resolves to /opt/sasinside/SASHome
SYMBOLGEN:  Macro variable SLSH resolves to /
SYMBOLGEN:  Some characters in the above value which were subject to macro quoting have been unquoted for printing.
SYMBOLGEN:  Macro variable SLSH resolves to /
SYMBOLGEN:  Some characters in the above value which were subject to macro quoting have been unquoted for printing.
MPRINT(SASINSTALLREPORTER):   infile "/opt/sasinside/SASHome/deploymntreg/registry.xml";
MPRINT(SASINSTALLREPORTER):   input;
MPRINT(SASINSTALLREPORTER):   if index(_infile_,'</Key>') then do;
MPRINT(SASINSTALLREPORTER):   key+-1;
MPRINT(SASINSTALLREPORTER):   if key=4 then output components;
17                                                         The SAS System                          09:06 Thursday, November 23, 2023

MPRINT(SASINSTALLREPORTER):   end;
MPRINT(SASINSTALLREPORTER):   else if index(_infile_,'<Key ') then do;
MPRINT(SASINSTALLREPORTER):   key+1;
MPRINT(SASINSTALLREPORTER):   keyname = scan(_infile_,2,'"');
MPRINT(SASINSTALLREPORTER):   if key=4 then compid = keyname;
MPRINT(SASINSTALLREPORTER):   else if key=2 then section = keyname;
MPRINT(SASINSTALLREPORTER):   end;
MPRINT(SASINSTALLREPORTER):   else if section = 'INSTALL' then do;
MPRINT(SASINSTALLREPORTER):   if key=5 then do;
MPRINT(SASINSTALLREPORTER):   if index(_infile_,'name="order"') then do;
MPRINT(SASINSTALLREPORTER):   link INNAME;
MPRINT(SASINSTALLREPORTER):   order=name;
MPRINT(SASINSTALLREPORTER):   if order ^= lag(order) then output orders;
MPRINT(SASINSTALLREPORTER):   end;
MPRINT(SASINSTALLREPORTER):   else if index(_infile_,'name="displayname"') then do;
MPRINT(SASINSTALLREPORTER):   link INNAME;
MPRINT(SASINSTALLREPORTER):   component=tranwrd(name,'&amp;','&');
MPRINT(SASINSTALLREPORTER):   end;
MPRINT(SASINSTALLREPORTER):   else if index(_infile_,'name="timestamp"') then do;
MPRINT(SASINSTALLREPORTER):   link INNAME;
MPRINT(SASINSTALLREPORTER):   applied=name;
MPRINT(SASINSTALLREPORTER):   end;
MPRINT(SASINSTALLREPORTER):   end;
MPRINT(SASINSTALLREPORTER):   else if key=7 then do;
MPRINT(SASINSTALLREPORTER):   if index(_infile_,'name="displayname"') then if index(_infile_,'data="Hotfix ') then do;
MPRINT(SASINSTALLREPORTER):   link INNAME;
MPRINT(SASINSTALLREPORTER):   hotfix = substr(name,8);
MPRINT(SASINSTALLREPORTER):   output hotfixes;
MPRINT(SASINSTALLREPORTER):   end;
MPRINT(SASINSTALLREPORTER):   else do;
MPRINT(SASINSTALLREPORTER):   link INNAME;
MPRINT(SASINSTALLREPORTER):   custver=name;
MPRINT(SASINSTALLREPORTER):   end;
MPRINT(SASINSTALLREPORTER):   end;
MPRINT(SASINSTALLREPORTER):   end;
MPRINT(SASINSTALLREPORTER):   else if section = 'COMMON' then do;
MPRINT(SASINSTALLREPORTER):   if index(_infile_,'name="sashome"') then do;
MPRINT(SASINSTALLREPORTER):   link INNAME;
MPRINT(SASINSTALLREPORTER):   call symput('sashome',trim(name));
MPRINT(SASINSTALLREPORTER):   end;
MPRINT(SASINSTALLREPORTER):   else if index(_infile_,'name="install_user"') then do;
MPRINT(SASINSTALLREPORTER):   link INNAME;
MPRINT(SASINSTALLREPORTER):   call symput('installer',trim(name));
MPRINT(SASINSTALLREPORTER):   end;
MPRINT(SASINSTALLREPORTER):   end;
MPRINT(SASINSTALLREPORTER):   else if section = 'CONFIG' then do;
MPRINT(SASINSTALLREPORTER):   if index(_infile_,'name="location"') then do;
MPRINT(SASINSTALLREPORTER):   link INNAME;
MPRINT(SASINSTALLREPORTER):   call symput(keyname,trim(name));
MPRINT(SASINSTALLREPORTER):   end;
MPRINT(SASINSTALLREPORTER):   end;
MPRINT(SASINSTALLREPORTER):   return;
MPRINT(SASINSTALLREPORTER):   INNAME: length name $ 64;
MPRINT(SASINSTALLREPORTER):   drop name;
MPRINT(SASINSTALLREPORTER):   inname=index(_infile_,'data="');
MPRINT(SASINSTALLREPORTER):   drop inname;
MPRINT(SASINSTALLREPORTER):   name=scan(substr(_infile_,inname),2,'"');
MPRINT(SASINSTALLREPORTER):   return;
18                                                         The SAS System                          09:06 Thursday, November 23, 2023

MPRINT(SASINSTALLREPORTER):   run;

NOTE: The infile "/opt/sasinside/SASHome/deploymntreg/registry.xml" is:
      Filename=/opt/sasinside/SASHome/deploymntreg/registry.xml,
      Owner Name=sas,Group Name=sas,
      Access Permission=-rw-r--r--,
      Last Modified=08Mar2023:07:46:47,
      File Size (bytes)=808578

NOTE: 0 records were read from the infile "/opt/sasinside/SASHome/deploymntreg/registry.xml".
NOTE: The data set WORK.COMPONENTS has 0 observations and 3 variables.
NOTE: The data set WORK.HOTFIXES has 0 observations and 3 variables.
NOTE: The data set WORK.ORDERS has 0 observations and 1 variables.

MPRINT(SASINSTALLREPORTER):   proc sort data=orders nodupkey;
MPRINT(SASINSTALLREPORTER):   by order;
MPRINT(SASINSTALLREPORTER):   run;

NOTE: Input data set is empty.
NOTE: 0 observations with duplicate key values were deleted.
NOTE: The data set WORK.ORDERS has 0 observations and 1 variables.

MPRINT(SASINSTALLREPORTER):   proc sort data=components;
MPRINT(SASINSTALLREPORTER):   by compid descending custver;
MPRINT(SASINSTALLREPORTER):   run;

NOTE: Input data set is empty.
NOTE: The data set WORK.COMPONENTS has 0 observations and 3 variables.

MPRINT(SASINSTALLREPORTER):   proc sort data=components nodupkey;
MPRINT(SASINSTALLREPORTER):   by compid;
MPRINT(SASINSTALLREPORTER):   run;

NOTE: Input data set is empty.
NOTE: 0 observations with duplicate key values were deleted.
NOTE: The data set WORK.COMPONENTS has 0 observations and 3 variables.

MPRINT(SASINSTALLREPORTER):   proc sort data=hotfixes nodup;
MPRINT(SASINSTALLREPORTER):   by hotfix;
MPRINT(SASINSTALLREPORTER):   run;

NOTE: Input data set is empty.
NOTE: 0 duplicate observations were deleted.
NOTE: The data set WORK.HOTFIXES has 0 observations and 3 variables.

MPRINT(SASINSTALLREPORTER):   proc sort data=hotfixes;
MPRINT(SASINSTALLREPORTER):   by compid;
MPRINT(SASINSTALLREPORTER):   run;

NOTE: Input data set is empty.
NOTE: The data set WORK.HOTFIXES has 0 observations and 3 variables.

MPRINT(SASINSTALLREPORTER):   data hotfixes(drop=custver compid);
MPRINT(SASINSTALLREPORTER):   merge hotfixes(in=hf) components;
MPRINT(SASINSTALLREPORTER):   by compid;
MPRINT(SASINSTALLREPORTER):   if hf;
MPRINT(SASINSTALLREPORTER):   run;

19                                                         The SAS System                          09:06 Thursday, November 23, 2023

NOTE: There were 0 observations read from the data set WORK.HOTFIXES.
NOTE: There were 0 observations read from the data set WORK.COMPONENTS.
NOTE: The data set WORK.HOTFIXES has 0 observations and 3 variables.

MPRINT(SASINSTALLREPORTER):   proc sort data=hotfixes nodupkey;
MPRINT(SASINSTALLREPORTER):   by hotfix;
MPRINT(SASINSTALLREPORTER):   run;

NOTE: Input data set is empty.
NOTE: 0 observations with duplicate key values were deleted.
NOTE: The data set WORK.HOTFIXES has 0 observations and 3 variables.

MPRINT(SASINSTALLREPORTER):   ***********************************************************************;
MPRINT(SASINSTALLREPORTER):   * This code determines components and hot fixes that are installed in *;
MPRINT(SASINSTALLREPORTER):   * SAS 9.1.3 only (and are Java based) as determined by vpd.properties *;
MPRINT(SASINSTALLREPORTER):   * file. On Windows, this is under the %WinDir% path, on UNIX it will *;
MPRINT(SASINSTALLREPORTER):   * be under the home directory (~) of the installer user. If found, *;
MPRINT(SASINSTALLREPORTER):   * these will be appended to the above components data set, and if any *;
MPRINT(SASINSTALLREPORTER):   * Java app hot fixes are found, an xhotfix data set will be created. *;
MPRINT(SASINSTALLREPORTER):   ***********************************************************************;
SYMBOLGEN:  Macro variable SYSSCP resolves to LIN X64
MLOGIC(SASINSTALLREPORTER):  %IF condition &SYSSCP = WIN is FALSE
MLOGIC(SASINSTALLREPORTER):  %LET (variable name is VPDDIR)
MLOGIC(SASINSTALLREPORTER):  %LET (variable name is XHOTFIX)
SYMBOLGEN:  Macro variable VPDDIR resolves to ~
SYMBOLGEN:  Some characters in the above value which were subject to macro quoting have been unquoted for printing.
SYMBOLGEN:  Macro variable SLSH resolves to /
SYMBOLGEN:  Some characters in the above value which were subject to macro quoting have been unquoted for printing.
SYMBOLGEN:  Macro variable SYSVLONG resolves to 9.04.01M8P011823
SYMBOLGEN:  Macro variable SYSVLONG resolves to 9.04.01M8P011823
MLOGIC(SASINSTALLREPORTER):  %IF condition %SYSFUNC(FILEEXIST(&vpddir.&slsh.vpd.properties)) and     "&SYSVLONG" > "9.01.01M3" and 
      "&SYSVLONG" < "9.02" is FALSE
MPRINT(SASINSTALLREPORTER):   proc sort data=components nodupkey;
MPRINT(SASINSTALLREPORTER):   by component;
MPRINT(SASINSTALLREPORTER):   run;

NOTE: Input data set is empty.
NOTE: 0 observations with duplicate key values were deleted.
NOTE: The data set WORK.COMPONENTS has 0 observations and 3 variables.

MPRINT(SASINSTALLREPORTER):   Proc print data=components noobs uniform label;
MPRINT(SASINSTALLREPORTER):   title6 "2: Products, components, or solutions that are physically installed";
MPRINT(SASINSTALLREPORTER):   run;

NOTE: No observations in data set WORK.COMPONENTS.

MPRINT(SASINSTALLREPORTER):   ****************************************************************;
MPRINT(SASINSTALLREPORTER):   * This code checks to see what SAS maintenance is on, pre-9.2 *;
MPRINT(SASINSTALLREPORTER):   ****************************************************************;
SYMBOLGEN:  Macro variable SYSSCP resolves to LIN X64
MLOGIC(SASINSTALLREPORTER):  %IF condition "&SYSSCP" ne "WIN" is TRUE
SYMBOLGEN:  Macro variable SYSVER resolves to 9.4
MLOGIC(SASINSTALLREPORTER):  %IF condition "&SYSVER" >= "9.1" is TRUE
MLOGIC(SASINSTALLREPORTER):  %LET (variable name is HFPATH)
SYMBOLGEN:  Macro variable SASROOT resolves to /opt/sasinside/SASHome/SASFoundation/9.4
SYMBOLGEN:  Macro variable HFPATH resolves to /opt/sasinside/SASHome/SASFoundation/9.4/install/admin/history.hotfix
MLOGIC(SASINSTALLREPORTER):  %IF condition %sysfunc(fileexist("&hfpath")) is FALSE
MLOGIC(SASINSTALLREPORTER):  %IF condition not(%sysfunc(exist(hotfixes))) is FALSE
20                                                         The SAS System                          09:06 Thursday, November 23, 2023

SYMBOLGEN:  Macro variable XHOTFIX resolves to 0
MLOGIC(SASINSTALLREPORTER):  %IF condition &xhotfix is FALSE
MPRINT(SASINSTALLREPORTER):   proc print data=hotfixes noobs uniform label;
SYMBOLGEN:  Macro variable _SASSPLEVEL resolves to SAS 9.4 (9.04.01M8P01182023)
MPRINT(SASINSTALLREPORTER):   title6 "3: Status of Hot Fixes found for SAS 9.4 (9.04.01M8P01182023)";
MPRINT(SASINSTALLREPORTER):   run;

NOTE: No observations in data set WORK.HOTFIXES.

MPRINT(SASINSTALLREPORTER):   ****************************************************************;
MPRINT(SASINSTALLREPORTER):   * This code checks to see what client apps are installed in *;
MPRINT(SASINSTALLREPORTER):   * addition to the SAS system. Examples include SAS Eminer *;
MPRINT(SASINSTALLREPORTER):   * Tree Viewer, SAS System Viewer etc. However, no further *;
MPRINT(SASINSTALLREPORTER):   * analysis is done for these (hot fixes, etc.) *;
MPRINT(SASINSTALLREPORTER):   ****************************************************************;
SYMBOLGEN:  Macro variable SYSSCP resolves to LIN X64
SYMBOLGEN:  Macro variable SYSVLONG resolves to 9.04.01M8P011823
MLOGIC(SASINSTALLREPORTER):  %IF condition &SYSSCP = WIN or "&SYSVLONG" > "9.01.01M3" is TRUE
SYMBOLGEN:  Macro variable SASHOME resolves to /opt/sasinside/SASHome
SYMBOLGEN:  Macro variable SLSH resolves to /
SYMBOLGEN:  Some characters in the above value which were subject to macro quoting have been unquoted for printing.
MPRINT(SASINSTALLREPORTER):   filename appfile "/opt/sasinside/SASHome/";
MPRINT(SASINSTALLREPORTER):   data temp2;
MPRINT(SASINSTALLREPORTER):   length appname $ 64;
MPRINT(SASINSTALLREPORTER):   label appname = 'COMPONENT ---------------------------';
MPRINT(SASINSTALLREPORTER):   ap=dopen('appfile');
MPRINT(SASINSTALLREPORTER):   nm=dnum(ap);
MPRINT(SASINSTALLREPORTER):   do i=1 to nm;
MPRINT(SASINSTALLREPORTER):   appname=dread(ap,i);
MPRINT(SASINSTALLREPORTER):   appdot=index(appname,'.');
MPRINT(SASINSTALLREPORTER):   if appdot then appdot = verify(substr(appname,appdot+1,1),'0123456789');
MPRINT(SASINSTALLREPORTER):   if upcase(appname) not in ('SETUP LOGS', 'INSTALL', 'GEN1', 'UNINST', 'DEPLOYMNTREG', 'INSTALLMISC') 
and not(appdot) then output;
MPRINT(SASINSTALLREPORTER):   end;
MPRINT(SASINSTALLREPORTER):   ap=dclose(ap);
MPRINT(SASINSTALLREPORTER):   keep appname;
MPRINT(SASINSTALLREPORTER):   run;

NOTE: The data set WORK.TEMP2 has 108 observations and 1 variables.

MPRINT(SASINSTALLREPORTER):   filename appfile;
NOTE: Fileref APPFILE has been deassigned.
MLOGIC(SASINSTALLREPORTER):  %LET (variable name is T9)
MPRINT(SASINSTALLREPORTER):   ****************************************************************;
MPRINT(SASINSTALLREPORTER):   * If we are on Windows, and if we can issue OS commands, then *;
MPRINT(SASINSTALLREPORTER):   * we can query the Windows registry to see what other SAS *;
MPRINT(SASINSTALLREPORTER):   * clients and solutions (EG, SMC, etc.) are installed. *;
MPRINT(SASINSTALLREPORTER):   ****************************************************************;
SYMBOLGEN:  Macro variable SYSSCP resolves to LIN X64
SYMBOLGEN:  Macro variable XCMD resolves to XCMD
MLOGIC(SASINSTALLREPORTER):  %IF condition &SYSSCP = WIN and &XCMD = XCMD is FALSE
MPRINT(SASINSTALLREPORTER):   ***********************************************************;
MPRINT(SASINSTALLREPORTER):   * Then we print out the SAS products and SAS components *;
MPRINT(SASINSTALLREPORTER):   * that are installed *;
MPRINT(SASINSTALLREPORTER):   ***********************************************************;
SYMBOLGEN:  Macro variable SYSSCP resolves to LIN X64
MLOGIC(SASINSTALLREPORTER):  %IF condition &SYSSCP = WIN is FALSE
MLOGIC(SASINSTALLREPORTER):  %LET (variable name is FTYPE)
21                                                         The SAS System                          09:06 Thursday, November 23, 2023

MPRINT(SASINSTALLREPORTER):   proc print data=temp2 noobs uniform label;
MPRINT(SASINSTALLREPORTER):   title6 "4: Possible Other SAS Insitute Applications or Clients Installed";
SYMBOLGEN:  Macro variable FTYPE resolves to directories
MPRINT(SASINSTALLREPORTER):   title8 "These are just directories or file names in the SAS installation path";
SYMBOLGEN:  Macro variable T9 resolves to  
SYMBOLGEN:  Some characters in the above value which were subject to macro quoting have been unquoted for printing.
MPRINT(SASINSTALLREPORTER):   ;
MPRINT(SASINSTALLREPORTER):   run;

NOTE: No observations in data set WORK.TEMP2.

MPRINT(SASINSTALLREPORTER):   quit;
MPRINT(SASINSTALLREPORTER):   ********************************************************************;
MPRINT(SASINSTALLREPORTER):   * This code provides information for certain things beyond basic *;
MPRINT(SASINSTALLREPORTER):   * install information that is available in SAS 9.1.3 and later *;
MPRINT(SASINSTALLREPORTER):   ********************************************************************;
SYMBOLGEN:  Macro variable SYSVLONG resolves to 9.04.01M8P011823
MLOGIC(SASINSTALLREPORTER):  %IF condition "&SYSVLONG" > "9.01.01M3" is TRUE
MPRINT(SASINSTALLREPORTER):   *************************************************************************;
MPRINT(SASINSTALLREPORTER):   * The following code runs if SAS is 9.1.3 and prints out the previously *;
MPRINT(SASINSTALLREPORTER):   * determined custom product versions and executable build versions. *;
MPRINT(SASINSTALLREPORTER):   *************************************************************************;
MPRINT(SASINSTALLREPORTER):   Proc print data=prodstat noobs uniform label;
MPRINT(SASINSTALLREPORTER):   title6 "5: Custom Version Information for Selected SAS Institute Products or Components";
MPRINT(SASINSTALLREPORTER):   run;

NOTE: No observations in data set WORK.PRODSTAT.

MPRINT(SASINSTALLREPORTER):   ****************************************************************;
MPRINT(SASINSTALLREPORTER):   * The following code runs if SAS is 9.1.3 and allows surfacing *;
MPRINT(SASINSTALLREPORTER):   * the Java/JRE installation and version information. *;
MPRINT(SASINSTALLREPORTER):   ****************************************************************;
MLOGIC(SASINSTALLREPORTER):  %LET (variable name is CURRERR)
SYMBOLGEN:  Macro variable SYSERR resolves to 0
MPRINT(SASINSTALLREPORTER):   filename javalog temp;
MPRINT(SASINSTALLREPORTER):   proc printto log=javalog new;
MPRINT(SASINSTALLREPORTER):   run;


SYMBOLGEN:  Macro variable CURRERR resolves to 0
SYMBOLGEN:  Macro variable SYSERR resolves to 0
MLOGIC(SASINSTALLREPORTER):  %IF condition not((&currerr = 0) and (&syserr ^= 0)) is TRUE
MPRINT(SASINSTALLREPORTER):   title6 "6: SAS Java Environment Installation Information";
MPRINT(SASINSTALLREPORTER):   title7 " ";
MPRINT(SASINSTALLREPORTER):   data _null_;
MPRINT(SASINSTALLREPORTER):   infile javalog firstobs=8;
MPRINT(SASINSTALLREPORTER):   file print;
MPRINT(SASINSTALLREPORTER):   input;
MPRINT(SASINSTALLREPORTER):   if index(_infile_,'The SAS System') then delete;
MPRINT(SASINSTALLREPORTER):   if _infile_ =: 'NOTE:' then stop;
MPRINT(SASINSTALLREPORTER):   put '   ' _infile_;
MPRINT(SASINSTALLREPORTER):   run;

         <div>
         </div>
NOTE: The infile JAVALOG is:
      Filename=/tmp/SAS_work54CF00005DCE_sasserver.demo.sas.com/#LN00026,
      Owner Name=sas,Group Name=sas,
      Access Permission=-rw-rw-r--,
      Last Modified=23Nov2023:09:06:04,
      File Size (bytes)=1365

NOTE: 0 lines were written to file PRINT.
NOTE: 0 records were read from the infile JAVALOG.

MPRINT(SASINSTALLREPORTER):   filename javalog;
NOTE: Fileref JAVALOG has been deassigned.
MPRINT(SASINSTALLREPORTER):   ********************************************************************;
MPRINT(SASINSTALLREPORTER):   * This code provides information for the SAS deployment -- who did *;
MPRINT(SASINSTALLREPORTER):   * the install, BI config location if found, and software orders. *;
MPRINT(SASINSTALLREPORTER):   * The installer macro variable is only set if found in the above *;
MPRINT(SASINSTALLREPORTER):   * step that reads and processes the SAS 9.2+ registry.jnl file. *;
MPRINT(SASINSTALLREPORTER):   * On the wish list -- report the plan file used for BI install. *;
MPRINT(SASINSTALLREPORTER):   ********************************************************************;
SYMBOLGEN:  Macro variable INSTALLER resolves to  
SYMBOLGEN:  Some characters in the above value which were subject to macro quoting have been unquoted for printing.
MLOGIC(SASINSTALLREPORTER):  %IF condition "&installer" ^= " " is FALSE
MPRINT(SASINSTALLREPORTER):   ************************************************************************************;
MPRINT(SASINSTALLREPORTER):   * The following code runs only on Windows and IF the XCMD system option is on. It *;
MPRINT(SASINSTALLREPORTER):   * first determines what, if any SAS-defined Windows Services there are, then which *;
MPRINT(SASINSTALLREPORTER):   * ones are running and what, if any, ports they use. *;
MPRINT(SASINSTALLREPORTER):   * *;
MPRINT(SASINSTALLREPORTER):   * 1/16/12 -- first reg query command hangs when run via non-admin account. Fixed *;
MPRINT(SASINSTALLREPORTER):   * by redirecting stderr to null file. Also added logic to bypass entire following *;
MPRINT(SASINSTALLREPORTER):   * block of code if no SAS Windows services discovered. *;
MPRINT(SASINSTALLREPORTER):   * *;
MPRINT(SASINSTALLREPORTER):   * Also, the code attempts to detect other installed versions of SAS, and if found, *;
23                                                         The SAS System                          09:06 Thursday, November 23, 2023

MPRINT(SASINSTALLREPORTER):   * reports on the other installed versions products and such. *;
MPRINT(SASINSTALLREPORTER):   ************************************************************************************;
SYMBOLGEN:  Macro variable SYSSCP resolves to LIN X64
SYMBOLGEN:  Macro variable XCMD resolves to XCMD
MLOGIC(SASINSTALLREPORTER):  %IF condition &SYSSCP eq WIN and &XCMD = XCMD is FALSE
MLOGIC(SASINSTALLREPORTER):  Ending execution.
1439       ods html close;
      </div>
   </body>
</html>
1440       ods html;
NOTE: Writing HTML Body file: sashtml1.htm
ERROR: Errors printed on pages 2,11.

NOTE: SAS Institute Inc., SAS Campus Drive, Cary, NC USA 27513-2414
